TMessagesProj/build/outputs/logs/manifest-merger-debug-report.txt
-- Merging decision tree log ---
manifest
ADDED from src\main\AndroidManifest.xml:2:1-213:12
	xmlns:android
		ADDED from src\main\AndroidManifest.xml:2:11-69
	package
		ADDED from src\main\AndroidManifest.xml:3:5-37
	android:versionName
		INJECTED from src\main\AndroidManifest.xml
		ADDED from src\main\AndroidManifest.xml:2:1-213:12
		INJECTED from config\debug\AndroidManifest.xml
	android:versionCode
		INJECTED from src\main\AndroidManifest.xml
		ADDED from src\main\AndroidManifest.xml:2:1-213:12
		INJECTED from config\debug\AndroidManifest.xml
	android:installLocation
		ADDED from src\main\AndroidManifest.xml:4:5-35
supports-screens
ADDED from src\main\AndroidManifest.xml:6:5-11:53
	android:resizeable
		ADDED from src\main\AndroidManifest.xml:9:23-48
	android:largeScreens
		ADDED from src\main\AndroidManifest.xml:7:23-50
	android:anyDensity
		ADDED from src\main\AndroidManifest.xml:6:23-48
	android:normalScreens
		ADDED from src\main\AndroidManifest.xml:8:23-51
	android:xlargeScreens
		ADDED from src\main\AndroidManifest.xml:11:23-51
	android:smallScreens
		ADDED from src\main\AndroidManifest.xml:10:23-50
uses-feature#0x00020000
ADDED from src\main\AndroidManifest.xml:13:5-78
	android:required
		ADDED from src\main\AndroidManifest.xml:13:52-76
	android:glEsVersion
		ADDED from src\main\AndroidManifest.xml:13:19-51
uses-feature#android.hardware.telephony
ADDED from src\main\AndroidManifest.xml:14:5-88
	android:required
		ADDED from src\main\AndroidManifest.xml:14:61-85
	android:name
		ADDED from src\main\AndroidManifest.xml:14:19-60
uses-feature#android.hardware.wifi
ADDED from src\main\AndroidManifest.xml:15:5-83
	android:required
		ADDED from src\main\AndroidManifest.xml:15:56-80
	android:name
		ADDED from src\main\AndroidManifest.xml:15:19-55
uses-feature#android.hardware.screen.PORTRAIT
ADDED from src\main\AndroidManifest.xml:16:5-94
	android:required
		ADDED from src\main\AndroidManifest.xml:16:67-91
	android:name
		ADDED from src\main\AndroidManifest.xml:16:19-66
uses-feature#android.hardware.microphone
ADDED from src\main\AndroidManifest.xml:17:5-89
	android:required
		ADDED from src\main\AndroidManifest.xml:17:62-86
	android:name
		ADDED from src\main\AndroidManifest.xml:17:19-61
uses-permission#android.permission.INTERNET
ADDED from src\main\AndroidManifest.xml:19:5-67
	android:name
		ADDED from src\main\AndroidManifest.xml:19:22-64
uses-permission#android.permission.RECORD_AUDIO
ADDED from src\main\AndroidManifest.xml:20:5-71
	android:name
		ADDED from src\main\AndroidManifest.xml:20:22-68
uses-permission#android.permission.ACCESS_NETWORK_STATE
ADDED from src\main\AndroidManifest.xml:21:5-79
	android:name
		ADDED from src\main\AndroidManifest.xml:21:22-76
uses-permission#android.permission.ACCESS_WIFI_STATE
ADDED from src\main\AndroidManifest.xml:22:5-76
	android:name
		ADDED from src\main\AndroidManifest.xml:22:22-73
uses-permission#android.permission.RECEIVE_SMS
ADDED from src\main\AndroidManifest.xml:23:5-70
	android:name
		ADDED from src\main\AndroidManifest.xml:23:22-67
uses-permission#android.permission.WAKE_LOCK
ADDED from src\main\AndroidManifest.xml:24:5-68
	android:name
		ADDED from src\main\AndroidManifest.xml:24:22-65
uses-permission#android.permission.WRITE_EXTERNAL_STORAGE
ADDED from src\main\AndroidManifest.xml:25:5-80
	android:name
		ADDED from src\main\AndroidManifest.xml:25:22-78
uses-permission#android.permission.READ_EXTERNAL_STORAGE
ADDED from src\main\AndroidManifest.xml:26:5-79
	android:name
		ADDED from src\main\AndroidManifest.xml:26:22-77
uses-permission#android.permission.GET_ACCOUNTS
ADDED from src\main\AndroidManifest.xml:27:5-71
	android:name
		ADDED from src\main\AndroidManifest.xml:27:22-68
uses-permission#android.permission.READ_CONTACTS
ADDED from src\main\AndroidManifest.xml:28:5-72
	android:name
		ADDED from src\main\AndroidManifest.xml:28:22-69
uses-permission#android.permission.WRITE_CONTACTS
ADDED from src\main\AndroidManifest.xml:29:5-73
	android:name
		ADDED from src\main\AndroidManifest.xml:29:22-70
uses-permission#android.permission.MANAGE_ACCOUNTS
ADDED from src\main\AndroidManifest.xml:30:5-73
	android:name
		ADDED from src\main\AndroidManifest.xml:30:22-71
uses-permission#android.permission.READ_PROFILE
ADDED from src\main\AndroidManifest.xml:31:5-70
	android:name
		ADDED from src\main\AndroidManifest.xml:31:22-68
uses-permission#android.permission.WRITE_SYNC_SETTINGS
ADDED from src\main\AndroidManifest.xml:32:5-77
	android:name
		ADDED from src\main\AndroidManifest.xml:32:22-75
uses-permission#android.permission.READ_SYNC_SETTINGS
ADDED from src\main\AndroidManifest.xml:33:5-76
	android:name
		ADDED from src\main\AndroidManifest.xml:33:22-74
uses-permission#android.permission.AUTHENTICATE_ACCOUNTS
ADDED from src\main\AndroidManifest.xml:34:5-79
	android:name
		ADDED from src\main\AndroidManifest.xml:34:22-77
uses-permission#android.permission.VIBRATE
ADDED from src\main\AndroidManifest.xml:35:5-66
	android:name
		ADDED from src\main\AndroidManifest.xml:35:22-63
uses-permission#android.permission.SYSTEM_ALERT_WINDOW
ADDED from src\main\AndroidManifest.xml:36:5-78
	android:name
		ADDED from src\main\AndroidManifest.xml:36:22-75
uses-permission#android.permission.READ_PHONE_STATE
ADDED from src\main\AndroidManifest.xml:37:5-75
	android:name
		ADDED from src\main\AndroidManifest.xml:37:22-72
uses-permission#android.permission.RECEIVE_BOOT_COMPLETED
ADDED from src\main\AndroidManifest.xml:38:5-81
	android:name
		ADDED from src\main\AndroidManifest.xml:38:22-78
uses-permission#android.permission.USE_FINGERPRINT
ADDED from src\main\AndroidManifest.xml:39:5-74
	android:name
		ADDED from src\main\AndroidManifest.xml:39:22-71
application
ADDED from src\main\AndroidManifest.xml:41:5-211:19
MERGED from src\main\AndroidManifest.xml:41:5-211:19
MERGED from [com.android.support:support-v4:23.1.0] AndroidManifest.xml:22:5-20
MERGED from [com.android.support:support-v4:23.1.0] AndroidManifest.xml:22:5-20
	android:label
		ADDED from src\main\AndroidManifest.xml:46:9-40
	android:allowBackup
		ADDED from src\main\AndroidManifest.xml:43:9-36
	android:icon
		ADDED from src\main\AndroidManifest.xml:45:9-45
	android:theme
		ADDED from src\main\AndroidManifest.xml:48:9-53
	android:hardwareAccelerated
		ADDED from src\main\AndroidManifest.xml:44:9-68
	android:largeHeap
		ADDED from src\main\AndroidManifest.xml:47:9-33
	android:name
		ADDED from src\main\AndroidManifest.xml:42:9-42
activity#org.telegram.ui.LaunchActivity
ADDED from src\main\AndroidManifest.xml:50:9-110:20
	android:windowSoftInputMode
		ADDED from src\main\AndroidManifest.xml:55:13-52
	android:configChanges
		ADDED from src\main\AndroidManifest.xml:52:13-83
	android:hardwareAccelerated
		ADDED from src\main\AndroidManifest.xml:53:13-72
	android:name
		ADDED from src\main\AndroidManifest.xml:51:13-58
	android:launchMode
		ADDED from src\main\AndroidManifest.xml:54:13-44
intent-filter#android.intent.action.MAIN+android.intent.category.LAUNCHER+android.intent.category.MULTIWINDOW_LAUNCHER
ADDED from src\main\AndroidManifest.xml:56:13-60:29
action#android.intent.action.MAIN
ADDED from src\main\AndroidManifest.xml:57:17-69
	android:name
		ADDED from src\main\AndroidManifest.xml:57:25-66
category#android.intent.category.LAUNCHER
ADDED from src\main\AndroidManifest.xml:58:17-77
	android:name
		ADDED from src\main\AndroidManifest.xml:58:27-74
category#android.intent.category.MULTIWINDOW_LAUNCHER
ADDED from src\main\AndroidManifest.xml:59:17-89
	android:name
		ADDED from src\main\AndroidManifest.xml:59:27-86
intent-filter#android.intent.action.SEND+android.intent.category.DEFAULT
ADDED from src\main\AndroidManifest.xml:61:13-65:29
action#android.intent.action.SEND
ADDED from src\main\AndroidManifest.xml:62:17-68
	android:name
		ADDED from src\main\AndroidManifest.xml:62:25-66
category#android.intent.category.DEFAULT
ADDED from src\main\AndroidManifest.xml:63:17-75
	android:name
		ADDED from src\main\AndroidManifest.xml:63:27-73
data
ADDED from src\main\AndroidManifest.xml:64:17-51
	android:mimeType
		ADDED from src\main\AndroidManifest.xml:64:23-49
intent-filter#android.intent.action.SEND_MULTIPLE+android.intent.category.DEFAULT
ADDED from src\main\AndroidManifest.xml:71:13-75:29
action#android.intent.action.SEND_MULTIPLE
ADDED from src\main\AndroidManifest.xml:72:17-77
	android:name
		ADDED from src\main\AndroidManifest.xml:72:25-75
intent-filter#android.intent.action.VIEW+android.intent.category.DEFAULT
ADDED from src\main\AndroidManifest.xml:91:13-95:29
action#android.intent.action.VIEW
ADDED from src\main\AndroidManifest.xml:92:17-68
	android:name
		ADDED from src\main\AndroidManifest.xml:92:25-66
intent-filter#android.intent.action.VIEW+android.intent.category.BROWSABLE+android.intent.category.DEFAULT
ADDED from src\main\AndroidManifest.xml:96:13-102:29
category#android.intent.category.BROWSABLE
ADDED from src\main\AndroidManifest.xml:99:17-78
	android:name
		ADDED from src\main\AndroidManifest.xml:99:27-75
meta-data#android.service.chooser.chooser_target_service
ADDED from src\main\AndroidManifest.xml:109:13-128
	android:name
		ADDED from src\main\AndroidManifest.xml:109:24-85
	android:value
		ADDED from src\main\AndroidManifest.xml:109:86-125
activity#org.telegram.ui.IntroActivity
ADDED from src\main\AndroidManifest.xml:111:9-114:20
	android:configChanges
		ADDED from src\main\AndroidManifest.xml:113:13-83
	android:name
		ADDED from src\main\AndroidManifest.xml:112:13-57
activity#org.telegram.ui.PopupNotificationActivity
ADDED from src\main\AndroidManifest.xml:115:9-123:20
	android:windowSoftInputMode
		ADDED from src\main\AndroidManifest.xml:122:13-67
	android:configChanges
		ADDED from src\main\AndroidManifest.xml:117:13-133
	android:theme
		ADDED from src\main\AndroidManifest.xml:121:13-69
	android:excludeFromRecents
		ADDED from src\main\AndroidManifest.xml:118:13-46
	android:taskAffinity
		ADDED from src\main\AndroidManifest.xml:120:13-36
	android:name
		ADDED from src\main\AndroidManifest.xml:116:13-69
	android:launchMode
		ADDED from src\main\AndroidManifest.xml:119:13-44
activity#ir.adad.AdadActivity
ADDED from src\main\AndroidManifest.xml:126:9-129:20
	android:theme
		ADDED from src\main\AndroidManifest.xml:128:13-56
	android:name
		ADDED from src\main\AndroidManifest.xml:127:13-48
receiver#org.telegram.messenger.AutoMessageHeardReceiver
ADDED from src\main\AndroidManifest.xml:131:9-135:20
	android:name
		ADDED from src\main\AndroidManifest.xml:131:19-59
intent-filter#org.telegram.messenger.ACTION_MESSAGE_HEARD
ADDED from src\main\AndroidManifest.xml:132:13-134:29
action#org.telegram.messenger.ACTION_MESSAGE_HEARD
ADDED from src\main\AndroidManifest.xml:133:17-85
	android:name
		ADDED from src\main\AndroidManifest.xml:133:25-83
receiver#org.telegram.messenger.AutoMessageReplyReceiver
ADDED from src\main\AndroidManifest.xml:137:9-141:20
	android:name
		ADDED from src\main\AndroidManifest.xml:137:19-59
intent-filter#org.telegram.messenger.ACTION_MESSAGE_REPLY
ADDED from src\main\AndroidManifest.xml:138:13-140:29
action#org.telegram.messenger.ACTION_MESSAGE_REPLY
ADDED from src\main\AndroidManifest.xml:139:17-85
	android:name
		ADDED from src\main\AndroidManifest.xml:139:25-83
receiver#org.telegram.messenger.SmsListener
ADDED from src\main\AndroidManifest.xml:143:9-147:20
	android:name
		ADDED from src\main\AndroidManifest.xml:143:19-46
intent-filter#android.provider.Telephony.SMS_RECEIVED
ADDED from src\main\AndroidManifest.xml:144:13-146:29
action#android.provider.Telephony.SMS_RECEIVED
ADDED from src\main\AndroidManifest.xml:145:17-82
	android:name
		ADDED from src\main\AndroidManifest.xml:145:25-79
service#org.telegram.messenger.AuthenticatorService
ADDED from src\main\AndroidManifest.xml:149:9-155:19
	android:exported
		ADDED from src\main\AndroidManifest.xml:149:55-78
	android:name
		ADDED from src\main\AndroidManifest.xml:149:18-54
intent-filter#android.accounts.AccountAuthenticator
ADDED from src\main\AndroidManifest.xml:150:13-152:29
action#android.accounts.AccountAuthenticator
ADDED from src\main\AndroidManifest.xml:151:17-79
	android:name
		ADDED from src\main\AndroidManifest.xml:151:25-77
meta-data#android.accounts.AccountAuthenticator
ADDED from src\main\AndroidManifest.xml:153:13-154:47
	android:resource
		ADDED from src\main\AndroidManifest.xml:154:17-45
	android:name
		ADDED from src\main\AndroidManifest.xml:153:24-76
service#org.telegram.messenger.ContactsSyncAdapterService
ADDED from src\main\AndroidManifest.xml:157:9-165:19
	android:exported
		ADDED from src\main\AndroidManifest.xml:157:61-84
	android:name
		ADDED from src\main\AndroidManifest.xml:157:18-60
intent-filter#android.content.SyncAdapter
ADDED from src\main\AndroidManifest.xml:158:13-160:29
action#android.content.SyncAdapter
ADDED from src\main\AndroidManifest.xml:159:17-70
	android:name
		ADDED from src\main\AndroidManifest.xml:159:25-67
meta-data#android.content.SyncAdapter
ADDED from src\main\AndroidManifest.xml:161:13-162:57
	android:resource
		ADDED from src\main\AndroidManifest.xml:162:17-54
	android:name
		ADDED from src\main\AndroidManifest.xml:161:24-66
meta-data#android.provider.CONTACTS_STRUCTURE
ADDED from src\main\AndroidManifest.xml:163:13-164:52
	android:resource
		ADDED from src\main\AndroidManifest.xml:164:17-49
	android:name
		ADDED from src\main\AndroidManifest.xml:163:24-74
service#org.telegram.messenger.TgChooserTargetService
ADDED from src\main\AndroidManifest.xml:167:9-174:19
	android:label
		ADDED from src\main\AndroidManifest.xml:169:13-44
	android:permission
		ADDED from src\main\AndroidManifest.xml:170:13-80
	android:name
		ADDED from src\main\AndroidManifest.xml:168:13-51
intent-filter#android.service.chooser.ChooserTargetService
ADDED from src\main\AndroidManifest.xml:171:13-173:29
action#android.service.chooser.ChooserTargetService
ADDED from src\main\AndroidManifest.xml:172:17-87
	android:name
		ADDED from src\main\AndroidManifest.xml:172:25-84
service#org.telegram.messenger.NotificationsService
ADDED from src\main\AndroidManifest.xml:176:9-79
	android:enabled
		ADDED from src\main\AndroidManifest.xml:176:55-77
	android:name
		ADDED from src\main\AndroidManifest.xml:176:18-54
service#org.telegram.messenger.NotificationRepeat
ADDED from src\main\AndroidManifest.xml:177:9-79
	android:exported
		ADDED from src\main\AndroidManifest.xml:177:53-77
	android:name
		ADDED from src\main\AndroidManifest.xml:177:18-52
service#org.telegram.messenger.VideoEncodingService
ADDED from src\main\AndroidManifest.xml:178:9-79
	android:enabled
		ADDED from src\main\AndroidManifest.xml:178:55-77
	android:name
		ADDED from src\main\AndroidManifest.xml:178:18-54
service#org.telegram.messenger.MusicPlayerService
ADDED from src\main\AndroidManifest.xml:179:9-101
	android:exported
		ADDED from src\main\AndroidManifest.xml:179:53-76
	android:enabled
		ADDED from src\main\AndroidManifest.xml:179:77-99
	android:name
		ADDED from src\main\AndroidManifest.xml:179:18-52
receiver#org.telegram.messenger.MusicPlayerReceiver
ADDED from src\main\AndroidManifest.xml:181:9-191:20
	android:name
		ADDED from src\main\AndroidManifest.xml:181:19-54
intent-filter#android.intent.action.MEDIA_BUTTON+android.media.AUDIO_BECOMING_NOISY+org.telegram.android.musicplayer.close+org.telegram.android.musicplayer.next+org.telegram.android.musicplayer.pause+org.telegram.android.musicplayer.play+org.telegram.android.musicplayer.previous
ADDED from src\main\AndroidManifest.xml:182:13-190:29
action#org.telegram.android.musicplayer.close
ADDED from src\main\AndroidManifest.xml:183:17-81
	android:name
		ADDED from src\main\AndroidManifest.xml:183:25-78
action#org.telegram.android.musicplayer.pause
ADDED from src\main\AndroidManifest.xml:184:17-81
	android:name
		ADDED from src\main\AndroidManifest.xml:184:25-78
action#org.telegram.android.musicplayer.next
ADDED from src\main\AndroidManifest.xml:185:17-80
	android:name
		ADDED from src\main\AndroidManifest.xml:185:25-77
action#org.telegram.android.musicplayer.play
ADDED from src\main\AndroidManifest.xml:186:17-80
	android:name
		ADDED from src\main\AndroidManifest.xml:186:25-77
action#org.telegram.android.musicplayer.previous
ADDED from src\main\AndroidManifest.xml:187:17-84
	android:name
		ADDED from src\main\AndroidManifest.xml:187:25-81
action#android.intent.action.MEDIA_BUTTON
ADDED from src\main\AndroidManifest.xml:188:17-77
	android:name
		ADDED from src\main\AndroidManifest.xml:188:25-74
action#android.media.AUDIO_BECOMING_NOISY
ADDED from src\main\AndroidManifest.xml:189:17-77
	android:name
		ADDED from src\main\AndroidManifest.xml:189:25-74
receiver#org.telegram.messenger.AppStartReceiver
ADDED from src\main\AndroidManifest.xml:193:9-198:20
	android:enabled
		ADDED from src\main\AndroidManifest.xml:193:52-74
	android:name
		ADDED from src\main\AndroidManifest.xml:193:19-51
intent-filter#android.intent.action.BOOT_COMPLETED+org.telegram.start
ADDED from src\main\AndroidManifest.xml:194:13-197:29
action#org.telegram.start
ADDED from src\main\AndroidManifest.xml:195:17-61
	android:name
		ADDED from src\main\AndroidManifest.xml:195:25-58
action#android.intent.action.BOOT_COMPLETED
ADDED from src\main\AndroidManifest.xml:196:17-79
	android:name
		ADDED from src\main\AndroidManifest.xml:196:25-76
receiver#org.telegram.messenger.WearReplyReceiver
ADDED from src\main\AndroidManifest.xml:200:9-77
	android:enabled
		ADDED from src\main\AndroidManifest.xml:200:53-75
	android:name
		ADDED from src\main\AndroidManifest.xml:200:19-52
uses-library#com.sec.android.app.multiwindow
ADDED from src\main\AndroidManifest.xml:202:9-97
	android:required
		ADDED from src\main\AndroidManifest.xml:202:70-94
	android:name
		ADDED from src\main\AndroidManifest.xml:202:23-69
meta-data#com.sec.android.support.multiwindow
ADDED from src\main\AndroidManifest.xml:203:9-94
	android:name
		ADDED from src\main\AndroidManifest.xml:203:20-70
	android:value
		ADDED from src\main\AndroidManifest.xml:203:71-91
meta-data#com.sec.android.multiwindow.DEFAULT_SIZE_W
ADDED from src\main\AndroidManifest.xml:204:9-102
	android:name
		ADDED from src\main\AndroidManifest.xml:204:20-77
	android:value
		ADDED from src\main\AndroidManifest.xml:204:78-99
meta-data#com.sec.android.multiwindow.DEFAULT_SIZE_H
ADDED from src\main\AndroidManifest.xml:205:9-102
	android:name
		ADDED from src\main\AndroidManifest.xml:205:20-77
	android:value
		ADDED from src\main\AndroidManifest.xml:205:78-99
meta-data#com.sec.android.multiwindow.MINIMUM_SIZE_W
ADDED from src\main\AndroidManifest.xml:206:9-102
	android:name
		ADDED from src\main\AndroidManifest.xml:206:20-77
	android:value
		ADDED from src\main\AndroidManifest.xml:206:78-99
meta-data#com.sec.android.multiwindow.MINIMUM_SIZE_H
ADDED from src\main\AndroidManifest.xml:207:9-102
	android:name
		ADDED from src\main\AndroidManifest.xml:207:20-77
	android:value
		ADDED from src\main\AndroidManifest.xml:207:78-99
meta-data#com.google.android.gms.car.application
ADDED from src\main\AndroidManifest.xml:209:9-120
	android:resource
		ADDED from src\main\AndroidManifest.xml:209:74-117
	android:name
		ADDED from src\main\AndroidManifest.xml:209:20-73
uses-sdk
INJECTED from src\main\AndroidManifest.xml reason: use-sdk injection requested
MERGED from [com.android.support:support-v4:23.1.0] AndroidManifest.xml:20:5-43
MERGED from [com.google.android.gms:play-services:3.2.65] AndroidManifest.xml:7:5-42
MERGED from [com.android.support:support-v4:23.1.0] AndroidManifest.xml:20:5-43
	android:targetSdkVersion
		INJECTED from src\main\AndroidManifest.xml
		INJECTED from config\debug\AndroidManifest.xml
	android:minSdkVersion
		INJECTED from src\main\AndroidManifest.xml
		INJECTED from config\debug\AndroidManifest.xml